1565085896836:aa
1565085904590:show-all
1565699505592:all-books
1565708494959:all-books-name Л.Толстой
1565708599967:all-books-name ""
1565708613282:all-books-name Л.Толстой
1565708662563:all-books-name
1565708666824:--name
1565708671424:all-books-name --name
1565708681789:--name all-books-name
1565708684335:clear
1565708740194:all-books-name Ф.Достоевский
1565708748724:all-books-name "Ф.Достоевский"
1565708756694:all-books-name -Ф.Достоевский
1565708824652:all-books-name А.Кристи
1565709004202:all-books-name А.Критсти
1565709017295:all-books-name А.Кристи
1565773432389:all-books
1565773440613:all-names
1565773448359:all-genres
1565773460715:all-books-name А.Кристи
1565773477118:add-genre фантастика
1565773484669:all-genres
1565773530935:add-book фантастика Гарри А.Кристи
1565773562208:add-book фантастика Гарри Дж.Роулинг
1565773811765:add-book роман newЛ.Толстой
1565773831345:add-book роман 123456 Л.Толстой
1565773856766:add-book роман Л.Толfshh Л.Толстой
1565773898251:add-book роман asfag Л.Толстой
1565776593559:add-book book title genre
1565776695917:add-book aa aa aa
1565777302206:add new Book book boo bo
1565777326227:add-book book boo bo
1565777386114:add-book boo bo bo
1565777836533:add-book boo bob o
1565778188146:add-book boo bo bo
1565778216187:all-books
1565778606732:add-book boo bob bo
1565783714830:add-book qwe wq ewq
1565786196656:add-book qwe qwe wrrw
1565786216822:all-books-name
1565786223560:all-books name
1565786248871:all-genres
1565786255929:all-names
1565786261601:all-books
1565786325214:book-add afag afgas dsagsd
1565786344935:add-book sagg ashfh ashfh
1565786353310:all-books
1565786818978:add-book asggas sagsaha ahhah
1565789179369:all-books
1565789238697:deleteboook 7
1565789256638:delete-book 7
1565789278613:all-books
1565789490186:add genre "роман"
1565789507527:add-genre "роман"
1565789822228:lk
1565792089037:add-genre роман
1565793071958:add-author А.Кристи
1565793102703:delete-author А.Кристи
1565793190269:delete-author 1
1565793275190:add-genre драма
1565793307422:add-author й
1565793441571:add book a a a
1565793447872:add-book a a a
1565794474181:add-genre драма
1565794482198:add-genre 123
1565794510975:add-book фыап фыпыфвп впфып
1565794546310:delte-book 1000
1565794555612:delete-book 10000
1565794565170:delete-book asghhh
1565795004831:delete-book afadf
1565795015685:delete-book asgg
1565796072874:delete-book 123
1565796079978:delete-book afsdag
1565796154748:update-book asfasf asffa
1565796177772:update-book  1342 adfadf
1565796214809:delete-genre safga
1565871896512:all-names
1565871932934:add-author aaaaa
1565877081804:all-names
1565877093189:all-genres
1565877104305:add-author aaa
1566224349637:all-genres
1566387347561:all-books
1566466330893:add-book aa aa aa aa
1566466338600:all-books
1566466350776:delete-book 2
1566466369268:all-books
1566466819786:add-book aa aa aa aa
1566466829244:delete-book 2
1566467567066:update-book 123 aa aa aa aa
1566467715931:upadte-book 123 aaa aa aa a
1566467728986:update-book 123 aa aa aa aa
1566467932722:update-book 123 aa aa aaa a
1566468042233:update-book 123 aaa aaa aaa a
1566468121638:update-book 123 aa aaa a aa
1566468344041:update-book 123 aa aa aa aa
1566468798081:update-book 123 aaa aaa aa a
1566468879874:book-update 123 aaa aa a a
1566468900609:update-book 123 a aa a a
1566470015905:delete-book 12345
1566475715731:delete-author 1
1566476861206:update-book a aa a a a
1566476881710:book-update 23 as aa aa aa
1566476892741:update-book 23 as aa aa aa
1566476919960:delete-book 123 bb bb bb bb
1566476927494:delete-book 123
1566476948989:all-books
1566476980141:show-comments
1566476995216:show-comments 123
1566477027855:delete-comment 123
1566477083206:all-genres
1566477096876:delete-genre 123
1566477560791:update-genre 123 aaa
1566477803165:delete-genre 12452345
1566480930324:delete-genre 1
1566480970437:add book aa aa aa aa
1566480979266:add-book aa aa aa aa
1566480986018:delete-genre 1
1566481439715:add-book aa aaa aa aa
1566481453818:delete-genre 1
1566481472678:all-book
1566481480545:all-books
1566481615250:delete-book 1
1566481704622:add-book aa aa aa aa
1566481713205:update-genre 1 bb
1566481719799:show all genres
1566481723999:all-genres
1566481730832:all-books
1566482996590:delete-author 1
1566483055062:delete-author
1566483058350:delete-author 1
1566483316513:delete-comment 1
1566483335486:add-book aa aa aa aa
1566483342550:add-comment 1 aa
1566483380381:show-comments
1566483384217:show-comments 1
1566483501385:add-comment 1 aa
1566483573455:show-comments 1
1566483644287:add-comment 123 aaa
1566483670647:all-books
1566486880169:delete-author 1
1566812409211:add-author aa aa
1566820020938:add-book aa aa aa aa
1566820032209:update-book 1 bb bb bb bb
1566820042742:all-books
1566820058399:delete-book 1
1566820075495:book-add ww ww ww ww
1566820085972:add-book ww www ww ww
1566820102262:all-books
1566820115285:add-comment 2 qwerty
1566820125791:show-comments 2
1566820201786:all-books
1566820521959:add-book ww ww ww ww
1566820589575:add-comment 1 aaa
1566820599593:show-comments 1
1566820819712:add-book aa aa aa aa
1566820830218:add-comment 1 bb
1566821989767:add-book aa aa aa aa
1566821998647:add-comment 1 ww
1566822010825:show-comments 1
1567154602333:all-books
1567170046938:add-book aa aa aa
1567170058996:all-books
1567679097299:add-book aa aa aa aa
1567679116046:add-book aaa aaa aaa aa aa
1567679125551:all-books
1568727641974:add-book qwer qwe qwe qw
1568727652242:add-book www www www
1569317494075:all-books
1569501272558:delete-book 5d691dff3ecf641ebcc24cf8
1569501319070:all-books
1569501334029:delete-book 5d691dff3ecf641ebcc24cf8
1569501342211:all-books
1569510701356:add-book qwe qwe qwe
1569510862818:all-books
1569511038276:add-book qwe qwe qwerty
1569511047083:all-books
1569511455062:add-book title author genre
1569583021773:all-books
1569940676435:add-book genreTest titleTest authorTest
1569940688070:all-books
